This file contains any messages produced by compilers while
running configure, to aid debugging if configure makes a mistake.

It was created by cave5d configure 2.0.1, which was
generated by GNU Autoconf 2.61.  Invocation command line was

  $ ./configure --with-freevr=/opt/local/FreeVR/merge --with-vis5d=/usr/local/lib/pkgconfig

## --------- ##
## Platform. ##
## --------- ##

hostname = CAVEA02
uname -m = x86_64
uname -r = 2.6.18-164.el5
uname -s = Linux
uname -v = #1 SMP Thu Sep 3 03:28:30 EDT 2009

/usr/bin/uname -p = unknown
/bin/uname -X     = unknown

/bin/arch              = x86_64
/usr/bin/arch -k       = unknown
/usr/convex/getsysinfo = unknown
/usr/bin/hostinfo      = unknown
/bin/machine           = unknown
/usr/bin/oslevel       = unknown
/bin/universe          = unknown

PATH: /usr/kerberos/bin
PATH: /usr/local/bin
PATH: /bin
PATH: /usr/bin
PATH: /home/demo/bin


## ----------- ##
## Core tests. ##
## ----------- ##

configure:1910: checking for g++
configure:1926: found /usr/bin/g++
configure:1937: result: g++
configure:1968: checking for C++ compiler version
configure:1975: g++ --version >&5
g++ (GCC) 4.1.2 20080704 (Red Hat 4.1.2-46)
Copyright (C) 2006 Free Software Foundation, Inc.
This is free software; see the source for copying conditions.  There is NO
warranty; not even for MERCHANTABILITY or FITNESS FOR A PARTICULAR PURPOSE.

configure:1978: $? = 0
configure:1985: g++ -v >&5
Using built-in specs.
Target: x86_64-redhat-linux
Configured with: ../configure --prefix=/usr --mandir=/usr/share/man --infodir=/usr/share/info --enable-shared --enable-threads=posix --enable-checking=release --with-system-zlib --enable-__cxa_atexit --disable-libunwind-exceptions --enable-libgcj-multifile --enable-languages=c,c++,objc,obj-c++,java,fortran,ada --enable-java-awt=gtk --disable-dssi --enable-plugin --with-java-home=/usr/lib/jvm/java-1.4.2-gcj-1.4.2.0/jre --with-cpu=generic --host=x86_64-redhat-linux
Thread model: posix
gcc version 4.1.2 20080704 (Red Hat 4.1.2-46)
configure:1988: $? = 0
configure:1995: g++ -V >&5
g++: '-V' option must have argument
configure:1998: $? = 1
configure:2021: checking for C++ compiler default output file name
configure:2048: g++    conftest.cpp  >&5
configure:2051: $? = 0
configure:2089: result: a.out
configure:2106: checking whether the C++ compiler works
configure:2116: ./a.out
configure:2119: $? = 0
configure:2136: result: yes
configure:2143: checking whether we are cross compiling
configure:2145: result: no
configure:2148: checking for suffix of executables
configure:2155: g++ -o conftest    conftest.cpp  >&5
configure:2158: $? = 0
configure:2182: result: 
configure:2188: checking for suffix of object files
configure:2214: g++ -c   conftest.cpp >&5
configure:2217: $? = 0
configure:2240: result: o
configure:2244: checking whether we are using the GNU C++ compiler
configure:2273: g++ -c   conftest.cpp >&5
configure:2279: $? = 0
configure:2296: result: yes
configure:2301: checking whether g++ accepts -g
configure:2331: g++ -c -g  conftest.cpp >&5
configure:2337: $? = 0
configure:2436: result: yes
configure:2507: checking for gcc
configure:2523: found /usr/bin/gcc
configure:2534: result: gcc
configure:2772: checking for C compiler version
configure:2779: gcc --version >&5
gcc (GCC) 4.1.2 20080704 (Red Hat 4.1.2-46)
Copyright (C) 2006 Free Software Foundation, Inc.
This is free software; see the source for copying conditions.  There is NO
warranty; not even for MERCHANTABILITY or FITNESS FOR A PARTICULAR PURPOSE.

configure:2782: $? = 0
configure:2789: gcc -v >&5
Using built-in specs.
Target: x86_64-redhat-linux
Configured with: ../configure --prefix=/usr --mandir=/usr/share/man --infodir=/usr/share/info --enable-shared --enable-threads=posix --enable-checking=release --with-system-zlib --enable-__cxa_atexit --disable-libunwind-exceptions --enable-libgcj-multifile --enable-languages=c,c++,objc,obj-c++,java,fortran,ada --enable-java-awt=gtk --disable-dssi --enable-plugin --with-java-home=/usr/lib/jvm/java-1.4.2-gcj-1.4.2.0/jre --with-cpu=generic --host=x86_64-redhat-linux
Thread model: posix
gcc version 4.1.2 20080704 (Red Hat 4.1.2-46)
configure:2792: $? = 0
configure:2799: gcc -V >&5
gcc: '-V' option must have argument
configure:2802: $? = 1
configure:2805: checking whether we are using the GNU C compiler
configure:2834: gcc -c   conftest.c >&5
configure:2840: $? = 0
configure:2857: result: yes
configure:2862: checking whether gcc accepts -g
configure:2892: gcc -c -g  conftest.c >&5
configure:2898: $? = 0
configure:2997: result: yes
configure:3014: checking for gcc option to accept ISO C89
configure:3088: gcc  -c -g -O2  conftest.c >&5
configure:3094: $? = 0
configure:3117: result: none needed
configure:3135: checking whether make sets $(MAKE)
configure:3156: result: yes
configure:3208: checking for ranlib
configure:3224: found /usr/bin/ranlib
configure:3235: result: ranlib
configure:3269: checking how to run the C preprocessor
configure:3309: gcc -E  conftest.c
configure:3315: $? = 0
configure:3346: gcc -E  conftest.c
conftest.c:8:28: error: ac_nonexistent.h: No such file or directory
configure:3352: $? = 1
configure: failed program was:
| /* confdefs.h.  */
| #define PACKAGE_NAME "cave5d"
| #define PACKAGE_TARNAME "cave5d"
| #define PACKAGE_VERSION "2.0.1"
| #define PACKAGE_STRING "cave5d 2.0.1"
| #define PACKAGE_BUGREPORT "Phil.McDonald@dri.edu"
| /* end confdefs.h.  */
| #include <ac_nonexistent.h>
configure:3385: result: gcc -E
configure:3414: gcc -E  conftest.c
configure:3420: $? = 0
configure:3451: gcc -E  conftest.c
conftest.c:8:28: error: ac_nonexistent.h: No such file or directory
configure:3457: $? = 1
configure: failed program was:
| /* confdefs.h.  */
| #define PACKAGE_NAME "cave5d"
| #define PACKAGE_TARNAME "cave5d"
| #define PACKAGE_VERSION "2.0.1"
| #define PACKAGE_STRING "cave5d 2.0.1"
| #define PACKAGE_BUGREPORT "Phil.McDonald@dri.edu"
| /* end confdefs.h.  */
| #include <ac_nonexistent.h>
configure:3495: checking for X
configure:3730: result: libraries /usr/lib64, headers 
configure:3752: checking whether -R must be followed by a space
configure:3778: gcc -o conftest -g -O2   conftest.c  -R/usr/lib64 >&5
gcc: unrecognized option '-R/usr/lib64'
configure:3784: $? = 0
configure: failed program was:
| /* confdefs.h.  */
| #define PACKAGE_NAME "cave5d"
| #define PACKAGE_TARNAME "cave5d"
| #define PACKAGE_VERSION "2.0.1"
| #define PACKAGE_STRING "cave5d 2.0.1"
| #define PACKAGE_BUGREPORT "Phil.McDonald@dri.edu"
| /* end confdefs.h.  */
| 
| int
| main ()
| {
| 
|   ;
|   return 0;
| }
configure:3819: gcc -o conftest -g -O2   conftest.c  -R /usr/lib64 >&5
gcc: unrecognized option '-R'
/usr/lib64: file not recognized: Is a directory
collect2: ld returned 1 exit status
configure:3825: $? = 1
configure: failed program was:
| /* confdefs.h.  */
| #define PACKAGE_NAME "cave5d"
| #define PACKAGE_TARNAME "cave5d"
| #define PACKAGE_VERSION "2.0.1"
| #define PACKAGE_STRING "cave5d 2.0.1"
| #define PACKAGE_BUGREPORT "Phil.McDonald@dri.edu"
| /* end confdefs.h.  */
| 
| int
| main ()
| {
| 
|   ;
|   return 0;
| }
configure:3838: result: neither works
configure:3891: gcc -o conftest -g -O2   conftest.c   -L/usr/lib64 -lX11 >&5
configure:3897: $? = 0
configure:4054: checking for gethostbyname
configure:4110: gcc -o conftest -g -O2   conftest.c  >&5
configure:4116: $? = 0
configure:4133: result: yes
configure:4278: checking for connect
configure:4334: gcc -o conftest -g -O2   conftest.c  >&5
configure:4340: $? = 0
configure:4357: result: yes
configure:4429: checking for remove
configure:4485: gcc -o conftest -g -O2   conftest.c  >&5
configure:4491: $? = 0
configure:4508: result: yes
configure:4580: checking for shmat
configure:4636: gcc -o conftest -g -O2   conftest.c  >&5
configure:4642: $? = 0
configure:4659: result: yes
configure:4740: checking for IceConnectionNumber in -lICE
configure:4775: gcc -o conftest -g -O2   -L/usr/lib64 conftest.c -lICE   >&5
configure:4781: $? = 0
configure:4799: result: yes
configure:4828: checking for a BSD-compatible install
configure:4884: result: /usr/bin/install -c
configure:4895: checking whether build environment is sane
configure:4938: result: yes
configure:4966: checking for a thread-safe mkdir -p
configure:5005: result: /bin/mkdir -p
configure:5018: checking for gawk
configure:5034: found /bin/gawk
configure:5045: result: gawk
configure:5077: checking for style of include used by make
configure:5105: result: GNU
configure:5298: checking dependency style of gcc
configure:5389: result: gcc3
configure:5406: checking dependency style of g++
configure:5497: result: gcc3
configure:5519: checking for main in -lGL
configure:5548: gcc -o conftest -g -O2    conftest.c -lGL    -L/usr/lib64  -lSM -lICE -lXext -lX11 -lXi  >&5
configure:5554: $? = 0
configure:5572: result: yes
configure:5587: checking for main in -lGLU
configure:5616: gcc -o conftest -g -O2    conftest.c -lGLU  -lGL   -L/usr/lib64  -lSM -lICE -lXext -lX11 -lXi  >&5
configure:5622: $? = 0
configure:5640: result: yes
configure:5655: checking for main in -lm
configure:5684: gcc -o conftest -g -O2    conftest.c -lm  -lGLU -lGL   -L/usr/lib64  -lSM -lICE -lXext -lX11 -lXi  >&5
configure:5690: $? = 0
configure:5708: result: yes
configure:5723: checking for main in -lpng
configure:5752: gcc -o conftest -g -O2    conftest.c -lpng  -lm -lGLU -lGL   -L/usr/lib64  -lSM -lICE -lXext -lX11 -lXi  >&5
configure:5758: $? = 0
configure:5776: result: yes
configure:5931: using include path to freevr... /opt/local/FreeVR/merge
configure:5933: using library path to freevr... /opt/local/FreeVR/merge
configure:5935: checking for library containing vrStart
configure:5976: gcc -o conftest -g -O2    conftest.c -lpng -lm -lGLU -lGL   -L/usr/lib64  -lSM -lICE -lXext -lX11 -lXi  >&5
/tmp/ccGgVbgc.o: In function `main':
/home/demo/workspace/cave5d-2.0.1/conftest.c:25: undefined reference to `vrStart'
collect2: ld returned 1 exit status
configure:5982: $? = 1
configure: failed program was:
| /* confdefs.h.  */
| #define PACKAGE_NAME "cave5d"
| #define PACKAGE_TARNAME "cave5d"
| #define PACKAGE_VERSION "2.0.1"
| #define PACKAGE_STRING "cave5d 2.0.1"
| #define PACKAGE_BUGREPORT "Phil.McDonald@dri.edu"
| #define PACKAGE "cave5d"
| #define VERSION "2.0.1"
| #define HAVE_LIBGL 1
| #define HAVE_LIBGLU 1
| #define HAVE_LIBM 1
| #define HAVE_LIBPNG 1
| /* end confdefs.h.  */
| 
| /* Override any GCC internal prototype to avoid an error.
|    Use char because int might match the return type of a GCC
|    builtin and then its argument prototype would still apply.  */
| #ifdef __cplusplus
| extern "C"
| #endif
| char vrStart ();
| int
| main ()
| {
| return vrStart ();
|   ;
|   return 0;
| }
configure:5976: gcc -o conftest -g -O2    conftest.c -lfreevr -L/opt/local/FreeVR/merge -lpng -lm -lGLU -lGL   -L/usr/lib64  -lSM -lICE -lXext -lX11 -lXi  >&5
configure:5982: $? = 0
configure:6010: result: -lfreevr
configure:6124: checking for pkg-config
configure:6142: found /usr/bin/pkg-config
configure:6154: result: /usr/bin/pkg-config
configure:6183: checking pkg-config is at least version 0.9.0
configure:6186: result: yes
configure:6197: checking for VIS5D
configure:6205: $PKG_CONFIG --exists --print-errors "vis5d+ >= 1.3.1"
configure:6208: $? = 0
configure:6223: $PKG_CONFIG --exists --print-errors "vis5d+ >= 1.3.1"
configure:6226: $? = 0
configure:6302: result: yes
configure:6318: checking build system type
configure:6336: result: x86_64-unknown-linux-gnu
configure:6358: checking host system type
configure:6373: result: x86_64-unknown-linux-gnu
configure:6395: checking for vis5d_sync_set_funcs in -lvis5d
configure:6430: gcc -o conftest -g -O2    conftest.c -lvis5d  -L/opt/local/FreeVR/merge -L/usr/local/lib -lvis5d -lv5d -lpng -lz -lm -ltcl -ldl -lGLU -lGL -lSM -lICE -lXext -lX11   -lfreevr -lpng -lm -lGLU -lGL   -L/usr/lib64  -lSM -lICE -lXext -lX11 -lXi  >&5
configure:6436: $? = 0
configure:6454: result: yes
configure:6459: FreeVR was compiled with threads, so Cave5d must also.
configure:6655: checking for the pthreads library -lpthreads
configure:6698: gcc -o conftest -g -O2     conftest.c -lpthreads  >&5
/usr/bin/ld: cannot find -lpthreads
collect2: ld returned 1 exit status
configure:6704: $? = 1
configure: failed program was:
| /* confdefs.h.  */
| #define PACKAGE_NAME "cave5d"
| #define PACKAGE_TARNAME "cave5d"
| #define PACKAGE_VERSION "2.0.1"
| #define PACKAGE_STRING "cave5d 2.0.1"
| #define PACKAGE_BUGREPORT "Phil.McDonald@dri.edu"
| #define PACKAGE "cave5d"
| #define VERSION "2.0.1"
| #define HAVE_LIBGL 1
| #define HAVE_LIBGLU 1
| #define HAVE_LIBM 1
| #define HAVE_LIBPNG 1
| /* end confdefs.h.  */
| #include <pthread.h>
| int
| main ()
| {
| pthread_t th; pthread_join(th, 0);
|                      pthread_attr_init(0); pthread_cleanup_push(0, 0);
|                      pthread_create(0,0,0,0); pthread_cleanup_pop(0);
|   ;
|   return 0;
| }
configure:6724: result: no
configure:6600: checking whether pthreads work without any flags
configure:6698: gcc -o conftest -g -O2     conftest.c   >&5
/tmp/ccOpecMN.o: In function `main':
/home/demo/workspace/cave5d-2.0.1/conftest.c:18: undefined reference to `pthread_join'
/home/demo/workspace/cave5d-2.0.1/conftest.c:19: undefined reference to `__pthread_register_cancel'
/home/demo/workspace/cave5d-2.0.1/conftest.c:20: undefined reference to `pthread_create'
/home/demo/workspace/cave5d-2.0.1/conftest.c:20: undefined reference to `__pthread_unregister_cancel'
collect2: ld returned 1 exit status
configure:6704: $? = 1
configure: failed program was:
| /* confdefs.h.  */
| #define PACKAGE_NAME "cave5d"
| #define PACKAGE_TARNAME "cave5d"
| #define PACKAGE_VERSION "2.0.1"
| #define PACKAGE_STRING "cave5d 2.0.1"
| #define PACKAGE_BUGREPORT "Phil.McDonald@dri.edu"
| #define PACKAGE "cave5d"
| #define VERSION "2.0.1"
| #define HAVE_LIBGL 1
| #define HAVE_LIBGLU 1
| #define HAVE_LIBM 1
| #define HAVE_LIBPNG 1
| /* end confdefs.h.  */
| #include <pthread.h>
| int
| main ()
| {
| pthread_t th; pthread_join(th, 0);
|                      pthread_attr_init(0); pthread_cleanup_push(0, 0);
|                      pthread_create(0,0,0,0); pthread_cleanup_pop(0);
|   ;
|   return 0;
| }
configure:6724: result: no
configure:6605: checking whether pthreads work with -Kthread
configure:6698: gcc -o conftest -g -O2  -Kthread   conftest.c   >&5
gcc: unrecognized option '-Kthread'
/tmp/ccGaU49S.o: In function `main':
/home/demo/workspace/cave5d-2.0.1/conftest.c:18: undefined reference to `pthread_join'
/home/demo/workspace/cave5d-2.0.1/conftest.c:19: undefined reference to `__pthread_register_cancel'
/home/demo/workspace/cave5d-2.0.1/conftest.c:20: undefined reference to `pthread_create'
/home/demo/workspace/cave5d-2.0.1/conftest.c:20: undefined reference to `__pthread_unregister_cancel'
collect2: ld returned 1 exit status
configure:6704: $? = 1
configure: failed program was:
| /* confdefs.h.  */
| #define PACKAGE_NAME "cave5d"
| #define PACKAGE_TARNAME "cave5d"
| #define PACKAGE_VERSION "2.0.1"
| #define PACKAGE_STRING "cave5d 2.0.1"
| #define PACKAGE_BUGREPORT "Phil.McDonald@dri.edu"
| #define PACKAGE "cave5d"
| #define VERSION "2.0.1"
| #define HAVE_LIBGL 1
| #define HAVE_LIBGLU 1
| #define HAVE_LIBM 1
| #define HAVE_LIBPNG 1
| /* end confdefs.h.  */
| #include <pthread.h>
| int
| main ()
| {
| pthread_t th; pthread_join(th, 0);
|                      pthread_attr_init(0); pthread_cleanup_push(0, 0);
|                      pthread_create(0,0,0,0); pthread_cleanup_pop(0);
|   ;
|   return 0;
| }
configure:6724: result: no
configure:6605: checking whether pthreads work with -kthread
configure:6698: gcc -o conftest -g -O2  -kthread   conftest.c   >&5
gcc: unrecognized option '-kthread'
/tmp/ccCh0LMY.o: In function `main':
/home/demo/workspace/cave5d-2.0.1/conftest.c:18: undefined reference to `pthread_join'
/home/demo/workspace/cave5d-2.0.1/conftest.c:19: undefined reference to `__pthread_register_cancel'
/home/demo/workspace/cave5d-2.0.1/conftest.c:20: undefined reference to `pthread_create'
/home/demo/workspace/cave5d-2.0.1/conftest.c:20: undefined reference to `__pthread_unregister_cancel'
collect2: ld returned 1 exit status
configure:6704: $? = 1
configure: failed program was:
| /* confdefs.h.  */
| #define PACKAGE_NAME "cave5d"
| #define PACKAGE_TARNAME "cave5d"
| #define PACKAGE_VERSION "2.0.1"
| #define PACKAGE_STRING "cave5d 2.0.1"
| #define PACKAGE_BUGREPORT "Phil.McDonald@dri.edu"
| #define PACKAGE "cave5d"
| #define VERSION "2.0.1"
| #define HAVE_LIBGL 1
| #define HAVE_LIBGLU 1
| #define HAVE_LIBM 1
| #define HAVE_LIBPNG 1
| /* end confdefs.h.  */
| #include <pthread.h>
| int
| main ()
| {
| pthread_t th; pthread_join(th, 0);
|                      pthread_attr_init(0); pthread_cleanup_push(0, 0);
|                      pthread_create(0,0,0,0); pthread_cleanup_pop(0);
|   ;
|   return 0;
| }
configure:6724: result: no
configure:6655: checking for the pthreads library -llthread
configure:6698: gcc -o conftest -g -O2     conftest.c -llthread  >&5
/usr/bin/ld: cannot find -llthread
collect2: ld returned 1 exit status
configure:6704: $? = 1
configure: failed program was:
| /* confdefs.h.  */
| #define PACKAGE_NAME "cave5d"
| #define PACKAGE_TARNAME "cave5d"
| #define PACKAGE_VERSION "2.0.1"
| #define PACKAGE_STRING "cave5d 2.0.1"
| #define PACKAGE_BUGREPORT "Phil.McDonald@dri.edu"
| #define PACKAGE "cave5d"
| #define VERSION "2.0.1"
| #define HAVE_LIBGL 1
| #define HAVE_LIBGLU 1
| #define HAVE_LIBM 1
| #define HAVE_LIBPNG 1
| /* end confdefs.h.  */
| #include <pthread.h>
| int
| main ()
| {
| pthread_t th; pthread_join(th, 0);
|                      pthread_attr_init(0); pthread_cleanup_push(0, 0);
|                      pthread_create(0,0,0,0); pthread_cleanup_pop(0);
|   ;
|   return 0;
| }
configure:6724: result: no
configure:6605: checking whether pthreads work with -pthread
configure:6698: gcc -o conftest -g -O2  -pthread   conftest.c   >&5
configure:6704: $? = 0
configure:6724: result: yes
configure:6743: checking for joinable pthread attribute
configure:6768: gcc -o conftest -g -O2  -pthread   conftest.c   >&5
configure:6774: $? = 0
configure:6791: result: PTHREAD_CREATE_JOINABLE
configure:6801: checking if more special flags are required for pthreads
configure:6808: result: no
configure:6902: checking for grep that handles long lines and -e
configure:6976: result: /bin/grep
configure:6981: checking for egrep
configure:7059: result: /bin/grep -E
configure:7064: checking for ANSI C header files
configure:7094: gcc -c -g -O2   conftest.c >&5
configure:7100: $? = 0
configure:7199: gcc -o conftest -g -O2    conftest.c -lfreevr -lpng -lm -lGLU -lGL   -L/usr/lib64  -lSM -lICE -lXext -lX11 -lXi  >&5
/usr/bin/ld: cannot find -lfreevr
collect2: ld returned 1 exit status
configure:7202: $? = 1
configure: program exited with status 1
configure: failed program was:
| /* confdefs.h.  */
| #define PACKAGE_NAME "cave5d"
| #define PACKAGE_TARNAME "cave5d"
| #define PACKAGE_VERSION "2.0.1"
| #define PACKAGE_STRING "cave5d 2.0.1"
| #define PACKAGE_BUGREPORT "Phil.McDonald@dri.edu"
| #define PACKAGE "cave5d"
| #define VERSION "2.0.1"
| #define HAVE_LIBGL 1
| #define HAVE_LIBGLU 1
| #define HAVE_LIBM 1
| #define HAVE_LIBPNG 1
| /* end confdefs.h.  */
| #include <ctype.h>
| #include <stdlib.h>
| #if ((' ' & 0x0FF) == 0x020)
| # define ISLOWER(c) ('a' <= (c) && (c) <= 'z')
| # define TOUPPER(c) (ISLOWER(c) ? 'A' + ((c) - 'a') : (c))
| #else
| # define ISLOWER(c) 		   (('a' <= (c) && (c) <= 'i') 		     || ('j' <= (c) && (c) <= 'r') 		     || ('s' <= (c) && (c) <= 'z'))
| # define TOUPPER(c) (ISLOWER(c) ? ((c) | 0x40) : (c))
| #endif
| 
| #define XOR(e, f) (((e) && !(f)) || (!(e) && (f)))
| int
| main ()
| {
|   int i;
|   for (i = 0; i < 256; i++)
|     if (XOR (islower (i), ISLOWER (i))
| 	|| toupper (i) != TOUPPER (i))
|       return 2;
|   return 0;
| }
configure:7228: result: no
configure:7252: checking for sys/types.h
configure:7273: gcc -c -g -O2   conftest.c >&5
configure:7279: $? = 0
configure:7295: result: yes
configure:7252: checking for sys/stat.h
configure:7273: gcc -c -g -O2   conftest.c >&5
configure:7279: $? = 0
configure:7295: result: yes
configure:7252: checking for stdlib.h
configure:7273: gcc -c -g -O2   conftest.c >&5
configure:7279: $? = 0
configure:7295: result: yes
configure:7252: checking for string.h
configure:7273: gcc -c -g -O2   conftest.c >&5
configure:7279: $? = 0
configure:7295: result: yes
configure:7252: checking for memory.h
configure:7273: gcc -c -g -O2   conftest.c >&5
configure:7279: $? = 0
configure:7295: result: yes
configure:7252: checking for strings.h
configure:7273: gcc -c -g -O2   conftest.c >&5
configure:7279: $? = 0
configure:7295: result: yes
configure:7252: checking for inttypes.h
configure:7273: gcc -c -g -O2   conftest.c >&5
configure:7279: $? = 0
configure:7295: result: yes
configure:7252: checking for stdint.h
configure:7273: gcc -c -g -O2   conftest.c >&5
configure:7279: $? = 0
configure:7295: result: yes
configure:7252: checking for unistd.h
configure:7273: gcc -c -g -O2   conftest.c >&5
configure:7279: $? = 0
configure:7295: result: yes
configure:7327: checking malloc.h usability
configure:7344: gcc -c -g -O2   conftest.c >&5
configure:7350: $? = 0
configure:7364: result: yes
configure:7368: checking malloc.h presence
configure:7383: gcc -E  conftest.c
configure:7389: $? = 0
configure:7403: result: yes
configure:7436: checking for malloc.h
configure:7444: result: yes
configure:7317: checking for stdlib.h
configure:7323: result: yes
configure:7317: checking for string.h
configure:7323: result: yes
configure:7317: checking for strings.h
configure:7323: result: yes
configure:7327: checking sys/time.h usability
configure:7344: gcc -c -g -O2   conftest.c >&5
configure:7350: $? = 0
configure:7364: result: yes
configure:7368: checking sys/time.h presence
configure:7383: gcc -E  conftest.c
configure:7389: $? = 0
configure:7403: result: yes
configure:7436: checking for sys/time.h
configure:7444: result: yes
configure:7317: checking for unistd.h
configure:7323: result: yes
configure:7459: checking for an ANSI C-conforming const
configure:7534: gcc -c -g -O2   conftest.c >&5
configure:7540: $? = 0
configure:7555: result: yes
configure:7565: checking for inline
configure:7591: gcc -c -g -O2   conftest.c >&5
configure:7597: $? = 0
configure:7615: result: inline
configure:7634: checking whether time.h and sys/time.h may both be included
configure:7664: gcc -c -g -O2   conftest.c >&5
configure:7670: $? = 0
configure:7685: result: yes
configure:7706: checking for gettimeofday
configure:7762: gcc -o conftest -g -O2    conftest.c -lfreevr -lpng -lm -lGLU -lGL   -L/usr/lib64  -lSM -lICE -lXext -lX11 -lXi  >&5
/usr/bin/ld: cannot find -lfreevr
collect2: ld returned 1 exit status
configure:7768: $? = 1
configure: failed program was:
| /* confdefs.h.  */
| #define PACKAGE_NAME "cave5d"
| #define PACKAGE_TARNAME "cave5d"
| #define PACKAGE_VERSION "2.0.1"
| #define PACKAGE_STRING "cave5d 2.0.1"
| #define PACKAGE_BUGREPORT "Phil.McDonald@dri.edu"
| #define PACKAGE "cave5d"
| #define VERSION "2.0.1"
| #define HAVE_LIBGL 1
| #define HAVE_LIBGLU 1
| #define HAVE_LIBM 1
| #define HAVE_LIBPNG 1
| #define HAVE_SYS_TYPES_H 1
| #define HAVE_SYS_STAT_H 1
| #define HAVE_STDLIB_H 1
| #define HAVE_STRING_H 1
| #define HAVE_MEMORY_H 1
| #define HAVE_STRINGS_H 1
| #define HAVE_INTTYPES_H 1
| #define HAVE_STDINT_H 1
| #define HAVE_UNISTD_H 1
| #define HAVE_MALLOC_H 1
| #define HAVE_STDLIB_H 1
| #define HAVE_STRING_H 1
| #define HAVE_STRINGS_H 1
| #define HAVE_SYS_TIME_H 1
| #define HAVE_UNISTD_H 1
| #define TIME_WITH_SYS_TIME 1
| /* end confdefs.h.  */
| /* Define gettimeofday to an innocuous variant, in case <limits.h> declares gettimeofday.
|    For example, HP-UX 11i <limits.h> declares gettimeofday.  */
| #define gettimeofday innocuous_gettimeofday
| 
| /* System header to define __stub macros and hopefully few prototypes,
|     which can conflict with char gettimeofday (); below.
|     Prefer <limits.h> to <assert.h> if __STDC__ is defined, since
|     <limits.h> exists even on freestanding compilers.  */
| 
| #ifdef __STDC__
| # include <limits.h>
| #else
| # include <assert.h>
| #endif
| 
| #undef gettimeofday
| 
| /* Override any GCC internal prototype to avoid an error.
|    Use char because int might match the return type of a GCC
|    builtin and then its argument prototype would still apply.  */
| #ifdef __cplusplus
| extern "C"
| #endif
| char gettimeofday ();
| /* The GNU C library defines this for functions which it implements
|     to always fail with ENOSYS.  Some functions are actually named
|     something starting with __ and the normal name is an alias.  */
| #if defined __stub_gettimeofday || defined __stub___gettimeofday
| choke me
| #endif
| 
| int
| main ()
| {
| return gettimeofday ();
|   ;
|   return 0;
| }
configure:7786: result: no
configure:7706: checking for memset
configure:7762: gcc -o conftest -g -O2    conftest.c -lfreevr -lpng -lm -lGLU -lGL   -L/usr/lib64  -lSM -lICE -lXext -lX11 -lXi  >&5
conftest.c:53: warning: conflicting types for built-in function 'memset'
/usr/bin/ld: cannot find -lfreevr
collect2: ld returned 1 exit status
configure:7768: $? = 1
configure: failed program was:
| /* confdefs.h.  */
| #define PACKAGE_NAME "cave5d"
| #define PACKAGE_TARNAME "cave5d"
| #define PACKAGE_VERSION "2.0.1"
| #define PACKAGE_STRING "cave5d 2.0.1"
| #define PACKAGE_BUGREPORT "Phil.McDonald@dri.edu"
| #define PACKAGE "cave5d"
| #define VERSION "2.0.1"
| #define HAVE_LIBGL 1
| #define HAVE_LIBGLU 1
| #define HAVE_LIBM 1
| #define HAVE_LIBPNG 1
| #define HAVE_SYS_TYPES_H 1
| #define HAVE_SYS_STAT_H 1
| #define HAVE_STDLIB_H 1
| #define HAVE_STRING_H 1
| #define HAVE_MEMORY_H 1
| #define HAVE_STRINGS_H 1
| #define HAVE_INTTYPES_H 1
| #define HAVE_STDINT_H 1
| #define HAVE_UNISTD_H 1
| #define HAVE_MALLOC_H 1
| #define HAVE_STDLIB_H 1
| #define HAVE_STRING_H 1
| #define HAVE_STRINGS_H 1
| #define HAVE_SYS_TIME_H 1
| #define HAVE_UNISTD_H 1
| #define TIME_WITH_SYS_TIME 1
| /* end confdefs.h.  */
| /* Define memset to an innocuous variant, in case <limits.h> declares memset.
|    For example, HP-UX 11i <limits.h> declares gettimeofday.  */
| #define memset innocuous_memset
| 
| /* System header to define __stub macros and hopefully few prototypes,
|     which can conflict with char memset (); below.
|     Prefer <limits.h> to <assert.h> if __STDC__ is defined, since
|     <limits.h> exists even on freestanding compilers.  */
| 
| #ifdef __STDC__
| # include <limits.h>
| #else
| # include <assert.h>
| #endif
| 
| #undef memset
| 
| /* Override any GCC internal prototype to avoid an error.
|    Use char because int might match the return type of a GCC
|    builtin and then its argument prototype would still apply.  */
| #ifdef __cplusplus
| extern "C"
| #endif
| char memset ();
| /* The GNU C library defines this for functions which it implements
|     to always fail with ENOSYS.  Some functions are actually named
|     something starting with __ and the normal name is an alias.  */
| #if defined __stub_memset || defined __stub___memset
| choke me
| #endif
| 
| int
| main ()
| {
| return memset ();
|   ;
|   return 0;
| }
configure:7786: result: no
configure:7706: checking for sqrt
configure:7762: gcc -o conftest -g -O2    conftest.c -lfreevr -lpng -lm -lGLU -lGL   -L/usr/lib64  -lSM -lICE -lXext -lX11 -lXi  >&5
conftest.c:53: warning: conflicting types for built-in function 'sqrt'
/usr/bin/ld: cannot find -lfreevr
collect2: ld returned 1 exit status
configure:7768: $? = 1
configure: failed program was:
| /* confdefs.h.  */
| #define PACKAGE_NAME "cave5d"
| #define PACKAGE_TARNAME "cave5d"
| #define PACKAGE_VERSION "2.0.1"
| #define PACKAGE_STRING "cave5d 2.0.1"
| #define PACKAGE_BUGREPORT "Phil.McDonald@dri.edu"
| #define PACKAGE "cave5d"
| #define VERSION "2.0.1"
| #define HAVE_LIBGL 1
| #define HAVE_LIBGLU 1
| #define HAVE_LIBM 1
| #define HAVE_LIBPNG 1
| #define HAVE_SYS_TYPES_H 1
| #define HAVE_SYS_STAT_H 1
| #define HAVE_STDLIB_H 1
| #define HAVE_STRING_H 1
| #define HAVE_MEMORY_H 1
| #define HAVE_STRINGS_H 1
| #define HAVE_INTTYPES_H 1
| #define HAVE_STDINT_H 1
| #define HAVE_UNISTD_H 1
| #define HAVE_MALLOC_H 1
| #define HAVE_STDLIB_H 1
| #define HAVE_STRING_H 1
| #define HAVE_STRINGS_H 1
| #define HAVE_SYS_TIME_H 1
| #define HAVE_UNISTD_H 1
| #define TIME_WITH_SYS_TIME 1
| /* end confdefs.h.  */
| /* Define sqrt to an innocuous variant, in case <limits.h> declares sqrt.
|    For example, HP-UX 11i <limits.h> declares gettimeofday.  */
| #define sqrt innocuous_sqrt
| 
| /* System header to define __stub macros and hopefully few prototypes,
|     which can conflict with char sqrt (); below.
|     Prefer <limits.h> to <assert.h> if __STDC__ is defined, since
|     <limits.h> exists even on freestanding compilers.  */
| 
| #ifdef __STDC__
| # include <limits.h>
| #else
| # include <assert.h>
| #endif
| 
| #undef sqrt
| 
| /* Override any GCC internal prototype to avoid an error.
|    Use char because int might match the return type of a GCC
|    builtin and then its argument prototype would still apply.  */
| #ifdef __cplusplus
| extern "C"
| #endif
| char sqrt ();
| /* The GNU C library defines this for functions which it implements
|     to always fail with ENOSYS.  Some functions are actually named
|     something starting with __ and the normal name is an alias.  */
| #if defined __stub_sqrt || defined __stub___sqrt
| choke me
| #endif
| 
| int
| main ()
| {
| return sqrt ();
|   ;
|   return 0;
| }
configure:7786: result: no
configure:7706: checking for strchr
configure:7762: gcc -o conftest -g -O2    conftest.c -lfreevr -lpng -lm -lGLU -lGL   -L/usr/lib64  -lSM -lICE -lXext -lX11 -lXi  >&5
conftest.c:53: warning: conflicting types for built-in function 'strchr'
/usr/bin/ld: cannot find -lfreevr
collect2: ld returned 1 exit status
configure:7768: $? = 1
configure: failed program was:
| /* confdefs.h.  */
| #define PACKAGE_NAME "cave5d"
| #define PACKAGE_TARNAME "cave5d"
| #define PACKAGE_VERSION "2.0.1"
| #define PACKAGE_STRING "cave5d 2.0.1"
| #define PACKAGE_BUGREPORT "Phil.McDonald@dri.edu"
| #define PACKAGE "cave5d"
| #define VERSION "2.0.1"
| #define HAVE_LIBGL 1
| #define HAVE_LIBGLU 1
| #define HAVE_LIBM 1
| #define HAVE_LIBPNG 1
| #define HAVE_SYS_TYPES_H 1
| #define HAVE_SYS_STAT_H 1
| #define HAVE_STDLIB_H 1
| #define HAVE_STRING_H 1
| #define HAVE_MEMORY_H 1
| #define HAVE_STRINGS_H 1
| #define HAVE_INTTYPES_H 1
| #define HAVE_STDINT_H 1
| #define HAVE_UNISTD_H 1
| #define HAVE_MALLOC_H 1
| #define HAVE_STDLIB_H 1
| #define HAVE_STRING_H 1
| #define HAVE_STRINGS_H 1
| #define HAVE_SYS_TIME_H 1
| #define HAVE_UNISTD_H 1
| #define TIME_WITH_SYS_TIME 1
| /* end confdefs.h.  */
| /* Define strchr to an innocuous variant, in case <limits.h> declares strchr.
|    For example, HP-UX 11i <limits.h> declares gettimeofday.  */
| #define strchr innocuous_strchr
| 
| /* System header to define __stub macros and hopefully few prototypes,
|     which can conflict with char strchr (); below.
|     Prefer <limits.h> to <assert.h> if __STDC__ is defined, since
|     <limits.h> exists even on freestanding compilers.  */
| 
| #ifdef __STDC__
| # include <limits.h>
| #else
| # include <assert.h>
| #endif
| 
| #undef strchr
| 
| /* Override any GCC internal prototype to avoid an error.
|    Use char because int might match the return type of a GCC
|    builtin and then its argument prototype would still apply.  */
| #ifdef __cplusplus
| extern "C"
| #endif
| char strchr ();
| /* The GNU C library defines this for functions which it implements
|     to always fail with ENOSYS.  Some functions are actually named
|     something starting with __ and the normal name is an alias.  */
| #if defined __stub_strchr || defined __stub___strchr
| choke me
| #endif
| 
| int
| main ()
| {
| return strchr ();
|   ;
|   return 0;
| }
configure:7786: result: no
configure:7706: checking for strdup
configure:7762: gcc -o conftest -g -O2    conftest.c -lfreevr -lpng -lm -lGLU -lGL   -L/usr/lib64  -lSM -lICE -lXext -lX11 -lXi  >&5
conftest.c:53: warning: conflicting types for built-in function 'strdup'
/usr/bin/ld: cannot find -lfreevr
collect2: ld returned 1 exit status
configure:7768: $? = 1
configure: failed program was:
| /* confdefs.h.  */
| #define PACKAGE_NAME "cave5d"
| #define PACKAGE_TARNAME "cave5d"
| #define PACKAGE_VERSION "2.0.1"
| #define PACKAGE_STRING "cave5d 2.0.1"
| #define PACKAGE_BUGREPORT "Phil.McDonald@dri.edu"
| #define PACKAGE "cave5d"
| #define VERSION "2.0.1"
| #define HAVE_LIBGL 1
| #define HAVE_LIBGLU 1
| #define HAVE_LIBM 1
| #define HAVE_LIBPNG 1
| #define HAVE_SYS_TYPES_H 1
| #define HAVE_SYS_STAT_H 1
| #define HAVE_STDLIB_H 1
| #define HAVE_STRING_H 1
| #define HAVE_MEMORY_H 1
| #define HAVE_STRINGS_H 1
| #define HAVE_INTTYPES_H 1
| #define HAVE_STDINT_H 1
| #define HAVE_UNISTD_H 1
| #define HAVE_MALLOC_H 1
| #define HAVE_STDLIB_H 1
| #define HAVE_STRING_H 1
| #define HAVE_STRINGS_H 1
| #define HAVE_SYS_TIME_H 1
| #define HAVE_UNISTD_H 1
| #define TIME_WITH_SYS_TIME 1
| /* end confdefs.h.  */
| /* Define strdup to an innocuous variant, in case <limits.h> declares strdup.
|    For example, HP-UX 11i <limits.h> declares gettimeofday.  */
| #define strdup innocuous_strdup
| 
| /* System header to define __stub macros and hopefully few prototypes,
|     which can conflict with char strdup (); below.
|     Prefer <limits.h> to <assert.h> if __STDC__ is defined, since
|     <limits.h> exists even on freestanding compilers.  */
| 
| #ifdef __STDC__
| # include <limits.h>
| #else
| # include <assert.h>
| #endif
| 
| #undef strdup
| 
| /* Override any GCC internal prototype to avoid an error.
|    Use char because int might match the return type of a GCC
|    builtin and then its argument prototype would still apply.  */
| #ifdef __cplusplus
| extern "C"
| #endif
| char strdup ();
| /* The GNU C library defines this for functions which it implements
|     to always fail with ENOSYS.  Some functions are actually named
|     something starting with __ and the normal name is an alias.  */
| #if defined __stub_strdup || defined __stub___strdup
| choke me
| #endif
| 
| int
| main ()
| {
| return strdup ();
|   ;
|   return 0;
| }
configure:7786: result: no
configure:7706: checking for strrchr
configure:7762: gcc -o conftest -g -O2    conftest.c -lfreevr -lpng -lm -lGLU -lGL   -L/usr/lib64  -lSM -lICE -lXext -lX11 -lXi  >&5
conftest.c:53: warning: conflicting types for built-in function 'strrchr'
/usr/bin/ld: cannot find -lfreevr
collect2: ld returned 1 exit status
configure:7768: $? = 1
configure: failed program was:
| /* confdefs.h.  */
| #define PACKAGE_NAME "cave5d"
| #define PACKAGE_TARNAME "cave5d"
| #define PACKAGE_VERSION "2.0.1"
| #define PACKAGE_STRING "cave5d 2.0.1"
| #define PACKAGE_BUGREPORT "Phil.McDonald@dri.edu"
| #define PACKAGE "cave5d"
| #define VERSION "2.0.1"
| #define HAVE_LIBGL 1
| #define HAVE_LIBGLU 1
| #define HAVE_LIBM 1
| #define HAVE_LIBPNG 1
| #define HAVE_SYS_TYPES_H 1
| #define HAVE_SYS_STAT_H 1
| #define HAVE_STDLIB_H 1
| #define HAVE_STRING_H 1
| #define HAVE_MEMORY_H 1
| #define HAVE_STRINGS_H 1
| #define HAVE_INTTYPES_H 1
| #define HAVE_STDINT_H 1
| #define HAVE_UNISTD_H 1
| #define HAVE_MALLOC_H 1
| #define HAVE_STDLIB_H 1
| #define HAVE_STRING_H 1
| #define HAVE_STRINGS_H 1
| #define HAVE_SYS_TIME_H 1
| #define HAVE_UNISTD_H 1
| #define TIME_WITH_SYS_TIME 1
| /* end confdefs.h.  */
| /* Define strrchr to an innocuous variant, in case <limits.h> declares strrchr.
|    For example, HP-UX 11i <limits.h> declares gettimeofday.  */
| #define strrchr innocuous_strrchr
| 
| /* System header to define __stub macros and hopefully few prototypes,
|     which can conflict with char strrchr (); below.
|     Prefer <limits.h> to <assert.h> if __STDC__ is defined, since
|     <limits.h> exists even on freestanding compilers.  */
| 
| #ifdef __STDC__
| # include <limits.h>
| #else
| # include <assert.h>
| #endif
| 
| #undef strrchr
| 
| /* Override any GCC internal prototype to avoid an error.
|    Use char because int might match the return type of a GCC
|    builtin and then its argument prototype would still apply.  */
| #ifdef __cplusplus
| extern "C"
| #endif
| char strrchr ();
| /* The GNU C library defines this for functions which it implements
|     to always fail with ENOSYS.  Some functions are actually named
|     something starting with __ and the normal name is an alias.  */
| #if defined __stub_strrchr || defined __stub___strrchr
| choke me
| #endif
| 
| int
| main ()
| {
| return strrchr ();
|   ;
|   return 0;
| }
configure:7786: result: no
configure:7920: creating ./config.status

## ---------------------- ##
## Running config.status. ##
## ---------------------- ##

This file was extended by cave5d config.status 2.0.1, which was
generated by GNU Autoconf 2.61.  Invocation command line was

  CONFIG_FILES    = 
  CONFIG_HEADERS  = 
  CONFIG_LINKS    = 
  CONFIG_COMMANDS = 
  $ ./config.status 

on CAVEA02

config.status:670: creating Makefile
config.status:670: creating src/Makefile
config.status:670: creating src/c5dSupport/Makefile
config.status:670: creating config.h
config.status:906: config.h is unchanged
config.status:952: executing depfiles commands

## ---------------- ##
## Cache variables. ##
## ---------------- ##

ac_cv_build=x86_64-unknown-linux-gnu
ac_cv_c_compiler_gnu=yes
ac_cv_c_const=yes
ac_cv_c_inline=inline
ac_cv_cxx_compiler_gnu=yes
ac_cv_env_CCC_set=
ac_cv_env_CCC_value=
ac_cv_env_CC_set=
ac_cv_env_CC_value=
ac_cv_env_CFLAGS_set=
ac_cv_env_CFLAGS_value=
ac_cv_env_CPPFLAGS_set=
ac_cv_env_CPPFLAGS_value=
ac_cv_env_CPP_set=
ac_cv_env_CPP_value=
ac_cv_env_CXXFLAGS_set=
ac_cv_env_CXXFLAGS_value=
ac_cv_env_CXX_set=
ac_cv_env_CXX_value=
ac_cv_env_LDFLAGS_set=
ac_cv_env_LDFLAGS_value=
ac_cv_env_LIBS_set=
ac_cv_env_LIBS_value=
ac_cv_env_PKG_CONFIG_set=
ac_cv_env_PKG_CONFIG_value=
ac_cv_env_VIS5D_CFLAGS_set=
ac_cv_env_VIS5D_CFLAGS_value=
ac_cv_env_VIS5D_LIBS_set=
ac_cv_env_VIS5D_LIBS_value=
ac_cv_env_XMKMF_set=
ac_cv_env_XMKMF_value=
ac_cv_env_build_alias_set=
ac_cv_env_build_alias_value=
ac_cv_env_host_alias_set=
ac_cv_env_host_alias_value=
ac_cv_env_target_alias_set=
ac_cv_env_target_alias_value=
ac_cv_func_connect=yes
ac_cv_func_gethostbyname=yes
ac_cv_func_gettimeofday=no
ac_cv_func_memset=no
ac_cv_func_remove=yes
ac_cv_func_shmat=yes
ac_cv_func_sqrt=no
ac_cv_func_strchr=no
ac_cv_func_strdup=no
ac_cv_func_strrchr=no
ac_cv_have_x='have_x=yes	ac_x_includes='\'''\''	ac_x_libraries='\''/usr/lib64'\'''
ac_cv_header_inttypes_h=yes
ac_cv_header_malloc_h=yes
ac_cv_header_memory_h=yes
ac_cv_header_stdc=no
ac_cv_header_stdint_h=yes
ac_cv_header_stdlib_h=yes
ac_cv_header_string_h=yes
ac_cv_header_strings_h=yes
ac_cv_header_sys_stat_h=yes
ac_cv_header_sys_time_h=yes
ac_cv_header_sys_types_h=yes
ac_cv_header_time=yes
ac_cv_header_unistd_h=yes
ac_cv_host=x86_64-unknown-linux-gnu
ac_cv_lib_GLU_main=yes
ac_cv_lib_GL_main=yes
ac_cv_lib_ICE_IceConnectionNumber=yes
ac_cv_lib_m_main=yes
ac_cv_lib_png_main=yes
ac_cv_lib_vis5d_vis5d_sync_set_funcs=yes
ac_cv_objext=o
ac_cv_path_EGREP='/bin/grep -E'
ac_cv_path_GREP=/bin/grep
ac_cv_path_ac_pt_PKG_CONFIG=/usr/bin/pkg-config
ac_cv_path_install='/usr/bin/install -c'
ac_cv_path_mkdir=/bin/mkdir
ac_cv_prog_AWK=gawk
ac_cv_prog_CPP='gcc -E'
ac_cv_prog_ac_ct_CC=gcc
ac_cv_prog_ac_ct_CXX=g++
ac_cv_prog_ac_ct_RANLIB=ranlib
ac_cv_prog_cc_c89=
ac_cv_prog_cc_g=yes
ac_cv_prog_cxx_g=yes
ac_cv_prog_make_make_set=yes
ac_cv_search_vrStart=-lfreevr
am_cv_CC_dependencies_compiler_type=gcc3
am_cv_CXX_dependencies_compiler_type=gcc3
pkg_cv_VIS5D_CFLAGS='-O3 -fomit-frame-pointer -pthread -I/usr/local/include/vis5d+  '
pkg_cv_VIS5D_LIBS='-L/usr/local/lib -lvis5d -lv5d -lpng -lz -lm -ltcl -ldl -lGLU -lGL -lSM -lICE -lXext -lX11  '

## ----------------- ##
## Output variables. ##
## ----------------- ##

ACLOCAL='${SHELL} /home/demo/workspace/cave5d-2.0.1/aux-configure/missing --run aclocal-1.10'
AMDEPBACKSLASH='\'
AMDEP_FALSE='#'
AMDEP_TRUE=''
AMTAR='${SHELL} /home/demo/workspace/cave5d-2.0.1/aux-configure/missing --run tar'
AUTOCONF='${SHELL} /home/demo/workspace/cave5d-2.0.1/aux-configure/missing --run autoconf'
AUTOHEADER='${SHELL} /home/demo/workspace/cave5d-2.0.1/aux-configure/missing --run autoheader'
AUTOMAKE='${SHELL} /home/demo/workspace/cave5d-2.0.1/aux-configure/missing --run automake-1.10'
AWK='gawk'
CC='gcc'
CCDEPMODE='depmode=gcc3'
CFLAGS='-g -O2 '
CPP='gcc -E'
CPPFLAGS=''
CXX='g++'
CXXDEPMODE='depmode=gcc3'
CXXFLAGS='-g -O2'
CYGPATH_W='echo'
DEFS='-DHAVE_CONFIG_H'
DEPDIR='.deps'
ECHO_C=''
ECHO_N='-n'
ECHO_T=''
EGREP='/bin/grep -E'
EXEEXT=''
GREP='/bin/grep'
INSTALL_DATA='${INSTALL} -m 644'
INSTALL_PROGRAM='${INSTALL}'
INSTALL_SCRIPT='${INSTALL}'
INSTALL_STRIP_PROGRAM='$(install_sh) -c -s'
LDFLAGS=''
LIBOBJS=''
LIBS='-lfreevr -lpng -lm -lGLU -lGL   -L/usr/lib64  -lSM -lICE -lXext -lX11 -lXi '
LTLIBOBJS=''
MAKEINFO='${SHELL} /home/demo/workspace/cave5d-2.0.1/aux-configure/missing --run makeinfo'
OBJEXT='o'
PACKAGE='cave5d'
PACKAGE_BUGREPORT='Phil.McDonald@dri.edu'
PACKAGE_NAME='cave5d'
PACKAGE_STRING='cave5d 2.0.1'
PACKAGE_TARNAME='cave5d'
PACKAGE_VERSION='2.0.1'
PATH_SEPARATOR=':'
PKG_CONFIG='/usr/bin/pkg-config'
PTHREAD_CC='gcc'
PTHREAD_CFLAGS='-pthread'
PTHREAD_CPPFLAGS='-DHAVE_PTHREADS'
PTHREAD_LIBS=''
RANLIB='ranlib'
SET_MAKE=''
SHELL='/bin/sh'
STRIP=''
VERSION='2.0.1'
VIS5D_CFLAGS='-O3 -fomit-frame-pointer -pthread -I/usr/local/include/vis5d+  '
VIS5D_LIBS='-L/usr/local/lib -lvis5d -lv5d -lpng -lz -lm -ltcl -ldl -lGLU -lGL -lSM -lICE -lXext -lX11  '
XMKMF=''
X_CFLAGS=''
X_EXTRA_LIBS=''
X_LIBS=' -L/usr/lib64'
X_PRE_LIBS=' -lSM -lICE'
ac_ct_CC='gcc'
ac_ct_CXX='g++'
acx_pthread_config=''
am__fastdepCC_FALSE='#'
am__fastdepCC_TRUE=''
am__fastdepCXX_FALSE='#'
am__fastdepCXX_TRUE=''
am__include='include'
am__isrc=''
am__leading_dot='.'
am__quote=''
am__tar='${AMTAR} chof - "$$tardir"'
am__untar='${AMTAR} xf -'
bindir='${exec_prefix}/bin'
build='x86_64-unknown-linux-gnu'
build_alias=''
build_cpu='x86_64'
build_os='linux-gnu'
build_vendor='unknown'
datadir='${datarootdir}'
datarootdir='${prefix}/share'
docdir='${datarootdir}/doc/${PACKAGE_TARNAME}'
dvidir='${docdir}'
exec_prefix='${prefix}'
host='x86_64-unknown-linux-gnu'
host_alias=''
host_cpu='x86_64'
host_os='linux-gnu'
host_vendor='unknown'
htmldir='${docdir}'
includedir='${prefix}/include'
infodir='${datarootdir}/info'
install_sh='$(SHELL) /home/demo/workspace/cave5d-2.0.1/aux-configure/install-sh'
libdir='${exec_prefix}/lib'
libexecdir='${exec_prefix}/libexec'
localedir='${datarootdir}/locale'
localstatedir='${prefix}/var'
mandir='${datarootdir}/man'
mkdir_p='/bin/mkdir -p'
oldincludedir='/usr/include'
pdfdir='${docdir}'
prefix='/usr/local'
program_transform_name='s,x,x,'
psdir='${docdir}'
sbindir='${exec_prefix}/sbin'
sharedstatedir='${prefix}/com'
sysconfdir='${prefix}/etc'
target_alias=''
vr_cflags='-I/opt/local/FreeVR/merge -DFREEVR'
vr_ldflags='-L/opt/local/FreeVR/merge'

## ----------- ##
## confdefs.h. ##
## ----------- ##

#define PACKAGE_NAME "cave5d"
#define PACKAGE_TARNAME "cave5d"
#define PACKAGE_VERSION "2.0.1"
#define PACKAGE_STRING "cave5d 2.0.1"
#define PACKAGE_BUGREPORT "Phil.McDonald@dri.edu"
#define PACKAGE "cave5d"
#define VERSION "2.0.1"
#define HAVE_LIBGL 1
#define HAVE_LIBGLU 1
#define HAVE_LIBM 1
#define HAVE_LIBPNG 1
#define HAVE_SYS_TYPES_H 1
#define HAVE_SYS_STAT_H 1
#define HAVE_STDLIB_H 1
#define HAVE_STRING_H 1
#define HAVE_MEMORY_H 1
#define HAVE_STRINGS_H 1
#define HAVE_INTTYPES_H 1
#define HAVE_STDINT_H 1
#define HAVE_UNISTD_H 1
#define HAVE_MALLOC_H 1
#define HAVE_STDLIB_H 1
#define HAVE_STRING_H 1
#define HAVE_STRINGS_H 1
#define HAVE_SYS_TIME_H 1
#define HAVE_UNISTD_H 1
#define TIME_WITH_SYS_TIME 1

configure: exit 0
